{"uuid":"4b5c82f2-39b5-4ef5-9e95-27c9879bbff5","historyId":"c20cb97838964a39cc8f481ab6888a39","fullName":"OrangeHRM Admin Page: User Creates admin and verifies it.","labels":[{"name":"host","value":"QT-INBG-LT0388"},{"name":"thread","value":"25424@QT-INBG-LT0388.main(1)"},{"name":"feature","value":"OrangeHRM Admin Page"},{"name":"story","value":"User Creates admin and verifies it."},{"name":"suite","value":"OrangeHRM Admin Page"},{"name":"testClass","value":"User Creates admin and verifies it."},{"name":"framework","value":"cucumber5jvm"},{"name":"language","value":"java"},{"name":"gherkin_uri","value":"file:///C:/Users/bheemareddi.d/Desktop/Reddy/HRM/src/test/feature/featureFile/AdminPage.feature"},{"name":"package","value":"src.test.feature.featureFile.AdminPage_feature.OrangeHRM Admin Page"}],"links":[],"name":"User Creates admin and verifies it.","status":"broken","statusDetails":{"known":false,"muted":false,"flaky":false,"message":"no such element: Unable to locate element: {\"method\":\"xpath\",\"selector\":\"//label[text()='Username']/../following-sibling::div/input[@class='oxd-input oxd-input--active']\"}\n  (Session info: chrome=110.0.5481.177)\nFor documentation on this error, please visit: https://selenium.dev/exceptions/#no_such_element\nBuild info: version: '4.7.2', revision: '4d4020c3b7'\nSystem info: os.name: 'Windows 10', os.arch: 'amd64', os.version: '10.0', java.version: '17.0.3'\nDriver info: org.openqa.selenium.chrome.ChromeDriver\nCommand: [58390b519ed545fc860c2d6716eda5e8, findElement {using=xpath, value=//label[text()='Username']/../following-sibling::div/input[@class='oxd-input oxd-input--active']}]\nCapabilities {acceptInsecureCerts: false, browserName: chrome, browserVersion: 110.0.5481.177, chrome: {chromedriverVersion: 110.0.5481.77 (65ed616c6e8e..., userDataDir: C:\\Users\\BHEEMA~1.D\\AppData...}, goog:chromeOptions: {debuggerAddress: localhost:59783}, networkConnectionEnabled: false, pageLoadStrategy: normal, platformName: WINDOWS, proxy: Proxy(), se:cdp: ws://localhost:59783/devtoo..., se:cdpVersion: 110.0.5481.177, setWindowRect: true, strictFileInteractability: false, timeouts: {implicit: 0, pageLoad: 300000, script: 30000}, unhandledPromptBehavior: dismiss and notify, webauthn:extension:credBlob: true, webauthn:extension:largeBlob: true, webauthn:virtualAuthenticators: true}\nSession ID: 58390b519ed545fc860c2d6716eda5e8","trace":"org.openqa.selenium.NoSuchElementException: no such element: Unable to locate element: {\"method\":\"xpath\",\"selector\":\"//label[text()='Username']/../following-sibling::div/input[@class='oxd-input oxd-input--active']\"}\n  (Session info: chrome=110.0.5481.177)\nFor documentation on this error, please visit: https://selenium.dev/exceptions/#no_such_element\nBuild info: version: '4.7.2', revision: '4d4020c3b7'\nSystem info: os.name: 'Windows 10', os.arch: 'amd64', os.version: '10.0', java.version: '17.0.3'\nDriver info: org.openqa.selenium.chrome.ChromeDriver\nCommand: [58390b519ed545fc860c2d6716eda5e8, findElement {using=xpath, value=//label[text()='Username']/../following-sibling::div/input[@class='oxd-input oxd-input--active']}]\nCapabilities {acceptInsecureCerts: false, browserName: chrome, browserVersion: 110.0.5481.177, chrome: {chromedriverVersion: 110.0.5481.77 (65ed616c6e8e..., userDataDir: C:\\Users\\BHEEMA~1.D\\AppData...}, goog:chromeOptions: {debuggerAddress: localhost:59783}, networkConnectionEnabled: false, pageLoadStrategy: normal, platformName: WINDOWS, proxy: Proxy(), se:cdp: ws://localhost:59783/devtoo..., se:cdpVersion: 110.0.5481.177, setWindowRect: true, strictFileInteractability: false, timeouts: {implicit: 0, pageLoad: 300000, script: 30000}, unhandledPromptBehavior: dismiss and notify, webauthn:extension:credBlob: true, webauthn:extension:largeBlob: true, webauthn:virtualAuthenticators: true}\nSession ID: 58390b519ed545fc860c2d6716eda5e8\r\n\tat java.base/jdk.internal.reflect.NativeConstructorAccessorImpl.newInstance0(Native Method)\r\n\tat java.base/jdk.internal.reflect.NativeConstructorAccessorImpl.newInstance(NativeConstructorAccessorImpl.java:77)\r\n\tat java.base/jdk.internal.reflect.DelegatingConstructorAccessorImpl.newInstance(DelegatingConstructorAccessorImpl.java:45)\r\n\tat java.base/java.lang.reflect.Constructor.newInstanceWithCaller(Constructor.java:499)\r\n\tat java.base/java.lang.reflect.Constructor.newInstance(Constructor.java:480)\r\n\tat org.openqa.selenium.remote.codec.w3c.W3CHttpResponseCodec.createException(W3CHttpResponseCodec.java:200)\r\n\tat org.openqa.selenium.remote.codec.w3c.W3CHttpResponseCodec.decode(W3CHttpResponseCodec.java:133)\r\n\tat org.openqa.selenium.remote.codec.w3c.W3CHttpResponseCodec.decode(W3CHttpResponseCodec.java:53)\r\n\tat org.openqa.selenium.remote.HttpCommandExecutor.execute(HttpCommandExecutor.java:184)\r\n\tat org.openqa.selenium.remote.service.DriverCommandExecutor.invokeExecute(DriverCommandExecutor.java:167)\r\n\tat org.openqa.selenium.remote.service.DriverCommandExecutor.execute(DriverCommandExecutor.java:142)\r\n\tat org.openqa.selenium.remote.RemoteWebDriver.execute(RemoteWebDriver.java:543)\r\n\tat org.openqa.selenium.remote.ElementLocation$ElementFinder$2.findElement(ElementLocation.java:162)\r\n\tat org.openqa.selenium.remote.ElementLocation.findElement(ElementLocation.java:60)\r\n\tat org.openqa.selenium.remote.RemoteWebDriver.findElement(RemoteWebDriver.java:352)\r\n\tat org.openqa.selenium.remote.RemoteWebDriver.findElement(RemoteWebDriver.java:344)\r\n\tat com.SeleniumCommands.SeleniumCommands.getWebElementUsingXpath(SeleniumCommands.java:25)\r\n\tat com.SeleniumCommands.SeleniumCommands.enterText(SeleniumCommands.java:36)\r\n\tat com.PageObjects.AdminPage.searchUser(AdminPage.java:72)\r\n\tat com.PageObjects.AdminPage.adminVerification(AdminPage.java:105)\r\n\tat StepDefinition.AdminSD.user_verifies_the_created_admin_by_entering(AdminSD.java:50)\r\n\tat ✽.User verifies the Created Admin by entering \"Kantara\"(file:///C:/Users/bheemareddi.d/Desktop/Reddy/HRM/src/test/feature/featureFile/AdminPage.feature:8)\r\n"},"stage":"finished","steps":[{"name":"Given  User has launched OrangeHRM Application","status":"passed","statusDetails":{"known":false,"muted":false,"flaky":false},"stage":"finished","steps":[],"attachments":[],"parameters":[],"start":1677652686207,"stop":1677652693881},{"name":"When  User log into application by entering common \"Admin\" and \"admin123\"","status":"passed","statusDetails":{"known":false,"muted":false,"flaky":false},"stage":"finished","steps":[],"attachments":[],"parameters":[],"start":1677652693882,"stop":1677652700304},{"name":"And  User click on Admin menu and clicks on add button","status":"passed","statusDetails":{"known":false,"muted":false,"flaky":false},"stage":"finished","steps":[],"attachments":[],"parameters":[],"start":1677652700305,"stop":1677652708911},{"name":"And  User Enters \"Jadine  Jackie\",\"Kantara\",\"Kantara@123\" and \"Kantara@123\" and clicks on save","status":"passed","statusDetails":{"known":false,"muted":false,"flaky":false},"stage":"finished","steps":[],"attachments":[],"parameters":[],"start":1677652708912,"stop":1677652726837},{"name":"Then  User verifies the Created Admin by entering \"Kantara\"","status":"broken","statusDetails":{"known":false,"muted":false,"flaky":false,"message":"no such element: Unable to locate element: {\"method\":\"xpath\",\"selector\":\"//label[text()='Username']/../following-sibling::div/input[@class='oxd-input oxd-input--active']\"}\n  (Session info: chrome=110.0.5481.177)\nFor documentation on this error, please visit: https://selenium.dev/exceptions/#no_such_element\nBuild info: version: '4.7.2', revision: '4d4020c3b7'\nSystem info: os.name: 'Windows 10', os.arch: 'amd64', os.version: '10.0', java.version: '17.0.3'\nDriver info: org.openqa.selenium.chrome.ChromeDriver\nCommand: [58390b519ed545fc860c2d6716eda5e8, findElement {using=xpath, value=//label[text()='Username']/../following-sibling::div/input[@class='oxd-input oxd-input--active']}]\nCapabilities {acceptInsecureCerts: false, browserName: chrome, browserVersion: 110.0.5481.177, chrome: {chromedriverVersion: 110.0.5481.77 (65ed616c6e8e..., userDataDir: C:\\Users\\BHEEMA~1.D\\AppData...}, goog:chromeOptions: {debuggerAddress: localhost:59783}, networkConnectionEnabled: false, pageLoadStrategy: normal, platformName: WINDOWS, proxy: Proxy(), se:cdp: ws://localhost:59783/devtoo..., se:cdpVersion: 110.0.5481.177, setWindowRect: true, strictFileInteractability: false, timeouts: {implicit: 0, pageLoad: 300000, script: 30000}, unhandledPromptBehavior: dismiss and notify, webauthn:extension:credBlob: true, webauthn:extension:largeBlob: true, webauthn:virtualAuthenticators: true}\nSession ID: 58390b519ed545fc860c2d6716eda5e8","trace":"org.openqa.selenium.NoSuchElementException: no such element: Unable to locate element: {\"method\":\"xpath\",\"selector\":\"//label[text()='Username']/../following-sibling::div/input[@class='oxd-input oxd-input--active']\"}\n  (Session info: chrome=110.0.5481.177)\nFor documentation on this error, please visit: https://selenium.dev/exceptions/#no_such_element\nBuild info: version: '4.7.2', revision: '4d4020c3b7'\nSystem info: os.name: 'Windows 10', os.arch: 'amd64', os.version: '10.0', java.version: '17.0.3'\nDriver info: org.openqa.selenium.chrome.ChromeDriver\nCommand: [58390b519ed545fc860c2d6716eda5e8, findElement {using=xpath, value=//label[text()='Username']/../following-sibling::div/input[@class='oxd-input oxd-input--active']}]\nCapabilities {acceptInsecureCerts: false, browserName: chrome, browserVersion: 110.0.5481.177, chrome: {chromedriverVersion: 110.0.5481.77 (65ed616c6e8e..., userDataDir: C:\\Users\\BHEEMA~1.D\\AppData...}, goog:chromeOptions: {debuggerAddress: localhost:59783}, networkConnectionEnabled: false, pageLoadStrategy: normal, platformName: WINDOWS, proxy: Proxy(), se:cdp: ws://localhost:59783/devtoo..., se:cdpVersion: 110.0.5481.177, setWindowRect: true, strictFileInteractability: false, timeouts: {implicit: 0, pageLoad: 300000, script: 30000}, unhandledPromptBehavior: dismiss and notify, webauthn:extension:credBlob: true, webauthn:extension:largeBlob: true, webauthn:virtualAuthenticators: true}\nSession ID: 58390b519ed545fc860c2d6716eda5e8\r\n\tat java.base/jdk.internal.reflect.NativeConstructorAccessorImpl.newInstance0(Native Method)\r\n\tat java.base/jdk.internal.reflect.NativeConstructorAccessorImpl.newInstance(NativeConstructorAccessorImpl.java:77)\r\n\tat java.base/jdk.internal.reflect.DelegatingConstructorAccessorImpl.newInstance(DelegatingConstructorAccessorImpl.java:45)\r\n\tat java.base/java.lang.reflect.Constructor.newInstanceWithCaller(Constructor.java:499)\r\n\tat java.base/java.lang.reflect.Constructor.newInstance(Constructor.java:480)\r\n\tat org.openqa.selenium.remote.codec.w3c.W3CHttpResponseCodec.createException(W3CHttpResponseCodec.java:200)\r\n\tat org.openqa.selenium.remote.codec.w3c.W3CHttpResponseCodec.decode(W3CHttpResponseCodec.java:133)\r\n\tat org.openqa.selenium.remote.codec.w3c.W3CHttpResponseCodec.decode(W3CHttpResponseCodec.java:53)\r\n\tat org.openqa.selenium.remote.HttpCommandExecutor.execute(HttpCommandExecutor.java:184)\r\n\tat org.openqa.selenium.remote.service.DriverCommandExecutor.invokeExecute(DriverCommandExecutor.java:167)\r\n\tat org.openqa.selenium.remote.service.DriverCommandExecutor.execute(DriverCommandExecutor.java:142)\r\n\tat org.openqa.selenium.remote.RemoteWebDriver.execute(RemoteWebDriver.java:543)\r\n\tat org.openqa.selenium.remote.ElementLocation$ElementFinder$2.findElement(ElementLocation.java:162)\r\n\tat org.openqa.selenium.remote.ElementLocation.findElement(ElementLocation.java:60)\r\n\tat org.openqa.selenium.remote.RemoteWebDriver.findElement(RemoteWebDriver.java:352)\r\n\tat org.openqa.selenium.remote.RemoteWebDriver.findElement(RemoteWebDriver.java:344)\r\n\tat com.SeleniumCommands.SeleniumCommands.getWebElementUsingXpath(SeleniumCommands.java:25)\r\n\tat com.SeleniumCommands.SeleniumCommands.enterText(SeleniumCommands.java:36)\r\n\tat com.PageObjects.AdminPage.searchUser(AdminPage.java:72)\r\n\tat com.PageObjects.AdminPage.adminVerification(AdminPage.java:105)\r\n\tat StepDefinition.AdminSD.user_verifies_the_created_admin_by_entering(AdminSD.java:50)\r\n\tat ✽.User verifies the Created Admin by entering \"Kantara\"(file:///C:/Users/bheemareddi.d/Desktop/Reddy/HRM/src/test/feature/featureFile/AdminPage.feature:8)\r\n"},"stage":"finished","steps":[],"attachments":[],"parameters":[],"start":1677652726838,"stop":1677652733883}],"attachments":[],"parameters":[{"name":"username","value":"Admin"},{"name":"password","value":"admin123"},{"name":"EmployeeName","value":"Jadine  Jackie"},{"name":"UserName","value":"Kantara"},{"name":"Password","value":"Kantara@123"},{"name":"ConfirmPassword","value":"Kantara@123"}],"start":1677652686206,"stop":1677652734046}